\BOOKMARK [1][-]{section.1}{\376\377\0001\000.\000\040\225\356\230\230\221\315\217\360}{}% 1
\BOOKMARK [2][-]{subsection.1.1}{\376\377\0001\000.\0001\000\040\225\356\230\230\200\314\146\157}{section.1}% 2
\BOOKMARK [2][-]{subsection.1.2}{\376\377\0001\000.\0002\000\040\227\000\211\201\211\343\121\263\166\204\225\356\230\230}{section.1}% 3
\BOOKMARK [1][-]{section.2}{\376\377\0002\000.\000\040\152\041\127\213\166\204\120\107\213\276}{}% 4
\BOOKMARK [1][-]{section.3}{\376\377\0003\000.\000\040\173\046\123\367\213\364\146\016}{}% 5
\BOOKMARK [1][-]{section.4}{\376\377\0004\000.\000\040\225\356\230\230\116\000}{}% 6
\BOOKMARK [2][-]{subsection.4.1}{\376\377\0004\000.\0001\000\040\225\356\230\230\122\006\147\220}{section.4}% 7
\BOOKMARK [2][-]{subsection.4.2}{\376\377\0004\000.\0002\000\040\152\041\127\213\136\372\172\313}{section.4}% 8
\BOOKMARK [3][-]{subsubsection.4.2.1}{\376\377\0004\000.\0002\000.\0001\000\040\145\160\143\156\230\204\131\004\164\006}{subsection.4.2}% 9
\BOOKMARK [3][-]{subsubsection.4.2.2}{\376\377\0004\000.\0002\000.\0002\000\040\145\160\143\156\226\115\176\364}{subsection.4.2}% 10
\BOOKMARK [3][-]{subsubsection.4.2.3}{\376\377\0004\000.\0002\000.\0003\000\040\145\160\143\156\200\132\174\173}{subsection.4.2}% 11
\BOOKMARK [2][-]{subsection.4.3}{\376\377\0004\000.\0003\000\040\225\356\230\230\154\102\211\343}{section.4}% 12
\BOOKMARK [1][-]{section.5}{\376\377\0005\000.\000\040\225\356\230\230\116\214}{}% 13
\BOOKMARK [2][-]{subsection.5.1}{\376\377\0005\000.\0001\000\040\225\356\230\230\122\006\147\220}{section.5}% 14
\BOOKMARK [2][-]{subsection.5.2}{\376\377\0005\000.\0002\000\040\152\041\127\213\136\372\172\313}{section.5}% 15
\BOOKMARK [1][-]{section.6}{\376\377\0006\000.\000\040\225\356\230\230\116\011}{}% 16
\BOOKMARK [2][-]{subsection.6.1}{\376\377\0006\000.\0001\000\040\123\330\221\317\220\011\123\326}{section.6}% 17
\BOOKMARK [2][-]{subsection.6.2}{\376\377\0006\000.\0002\000\040\152\041\127\213\154\102\211\343}{section.6}% 18
\BOOKMARK [2][-]{subsection.6.3}{\376\377\0006\000.\0003\000\040\133\371\123\315\140\120\142\030\116\211\166\204\211\301\211\343\124\214\136\372\213\256}{section.6}% 19
\BOOKMARK [1][-]{section.7}{\376\377\0007\000.\000\040\225\356\230\230\126\333}{}% 20
\BOOKMARK [2][-]{subsection.7.1}{\376\377\0007\000.\0001\000\040\225\356\230\230\122\006\147\220}{section.7}% 21
\BOOKMARK [2][-]{subsection.7.2}{\376\377\0007\000.\0002\000\040\152\041\127\213\136\372\172\313}{section.7}% 22
\BOOKMARK [1][-]{section*.10}{\376\377\123\302\200\003\145\207\163\056}{}% 23
\BOOKMARK [1][-]{section.1}{\376\377\226\104\137\125\000A\000\040\142\021\166\204\000\040\000P\000y\000t\000h\000o\000n\000\040\156\220\172\013\136\217}{}% 24
